2024-06-22 19:07:19,677 INFO    StreamThr :41488 [internal.py:wandb_internal():85] W&B internal server running at pid: 41488, started at: 2024-06-22 19:07:19.676072
2024-06-22 19:07:19,678 DEBUG   HandlerThread:41488 [handler.py:handle_request():158] handle_request: status
2024-06-22 19:07:19,680 INFO    WriterThread:41488 [datastore.py:open_for_write():87] open: F:\mycode\pykan\wandb\run-20240622_190719-t7aj2dvm\run-t7aj2dvm.wandb
2024-06-22 19:07:19,681 DEBUG   SenderThread:41488 [sender.py:send():379] send: header
2024-06-22 19:07:19,734 DEBUG   SenderThread:41488 [sender.py:send():379] send: run
2024-06-22 19:07:20,409 INFO    SenderThread:41488 [dir_watcher.py:__init__():211] watching files in: F:\mycode\pykan\wandb\run-20240622_190719-t7aj2dvm\files
2024-06-22 19:07:20,409 INFO    SenderThread:41488 [sender.py:_start_run_threads():1188] run started: t7aj2dvm with start time 1719054439.677207
2024-06-22 19:07:20,417 DEBUG   HandlerThread:41488 [handler.py:handle_request():158] handle_request: check_version
2024-06-22 19:07:20,417 DEBUG   SenderThread:41488 [sender.py:send_request():406] send_request: check_version
2024-06-22 19:07:20,693 DEBUG   HandlerThread:41488 [handler.py:handle_request():158] handle_request: run_start
2024-06-22 19:07:20,726 DEBUG   HandlerThread:41488 [system_info.py:__init__():26] System info init
2024-06-22 19:07:20,726 DEBUG   HandlerThread:41488 [system_info.py:__init__():41] System info init done
2024-06-22 19:07:20,726 INFO    HandlerThread:41488 [system_monitor.py:start():194] Starting system monitor
2024-06-22 19:07:20,727 INFO    SystemMonitor:41488 [system_monitor.py:_start():158] Starting system asset monitoring threads
2024-06-22 19:07:20,727 INFO    HandlerThread:41488 [system_monitor.py:probe():214] Collecting system info
2024-06-22 19:07:20,734 INFO    SystemMonitor:41488 [interfaces.py:start():188] Started cpu monitoring
2024-06-22 19:07:20,734 INFO    SystemMonitor:41488 [interfaces.py:start():188] Started disk monitoring
2024-06-22 19:07:20,735 INFO    SystemMonitor:41488 [interfaces.py:start():188] Started gpu monitoring
2024-06-22 19:07:20,741 INFO    SystemMonitor:41488 [interfaces.py:start():188] Started memory monitoring
2024-06-22 19:07:20,764 INFO    SystemMonitor:41488 [interfaces.py:start():188] Started network monitoring
2024-06-22 19:07:20,771 DEBUG   HandlerThread:41488 [system_info.py:probe():152] Probing system
2024-06-22 19:07:20,772 DEBUG   HandlerThread:41488 [system_info.py:_probe_git():137] Probing git
2024-06-22 19:07:20,865 DEBUG   HandlerThread:41488 [system_info.py:_probe_git():145] Probing git done
2024-06-22 19:07:20,865 DEBUG   HandlerThread:41488 [system_info.py:probe():200] Probing system done
2024-06-22 19:07:20,865 DEBUG   HandlerThread:41488 [system_monitor.py:probe():223] {'os': 'Windows-10-10.0.22631-SP0', 'python': '3.11.9', 'heartbeatAt': '2024-06-22T11:07:20.771102', 'startedAt': '2024-06-22T11:07:19.592220', 'docker': None, 'cuda': None, 'args': (), 'state': 'running', 'program': 'f:\\mycode\\pykan\\torchkan-main\\exp3.py', 'codePathLocal': 'torchkan-main\\exp3.py', 'codePath': 'torchkan-main\\exp3.py', 'git': {'remote': None, 'commit': 'ac1a757018533fccdefa1da958333aacee5c748c'}, 'email': '2439752013@qq.com', 'root': 'F:/mycode/pykan', 'host': 'DESKTOP-7G3TLM0', 'username': 'liquanbo', 'executable': 'F:\\mycode\\pykan\\kannet\\python.exe', 'cpu_count': 16, 'cpu_count_logical': 24, 'cpu_freq': {'current': 2300.0, 'min': 0.0, 'max': 2300.0}, 'cpu_freq_per_core': [{'current': 2300.0, 'min': 0.0, 'max': 2300.0}], 'disk': {'/': {'total': 1863.0147285461426, 'used': 1633.3000450134277}}, 'gpu': 'NVIDIA GeForce RTX 4060 Laptop GPU', 'gpu_count': 1, 'gpu_devices': [{'name': 'NVIDIA GeForce RTX 4060 Laptop GPU', 'memory_total': 8585740288}], 'memory': {'total': 31.743194580078125}}
2024-06-22 19:07:20,865 INFO    HandlerThread:41488 [system_monitor.py:probe():224] Finished collecting system info
2024-06-22 19:07:20,865 INFO    HandlerThread:41488 [system_monitor.py:probe():227] Publishing system info
2024-06-22 19:07:20,865 DEBUG   HandlerThread:41488 [system_info.py:_save_conda():209] Saving list of conda packages installed into the current environment
2024-06-22 19:07:20,882 ERROR   HandlerThread:41488 [system_info.py:_save_conda():223] Error saving conda packages: [WinError 2] 系统找不到指定的文件。
Traceback (most recent call last):
  File "F:\mycode\pykan\kannet\Lib\site-packages\wandb\sdk\internal\system\system_info.py", line 216, in _save_conda
    subprocess.call(
  File "F:\mycode\pykan\kannet\Lib\subprocess.py", line 389, in call
    with Popen(*popenargs, **kwargs) as p:
         ^^^^^^^^^^^^^^^^^^^^^^^^^^^
  File "F:\mycode\pykan\kannet\Lib\subprocess.py", line 1026, in __init__
    self._execute_child(args, executable, preexec_fn, close_fds,
  File "F:\mycode\pykan\kannet\Lib\subprocess.py", line 1538, in _execute_child
    hp, ht, pid, tid = _winapi.CreateProcess(executable, args,
                       ^^^^^^^^^^^^^^^^^^^^^^^^^^^^^^^^^^^^^^^
FileNotFoundError: [WinError 2] 系统找不到指定的文件。
2024-06-22 19:07:20,883 DEBUG   HandlerThread:41488 [system_info.py:_save_conda():224] Saving conda packages done
2024-06-22 19:07:20,889 INFO    HandlerThread:41488 [system_monitor.py:probe():229] Finished publishing system info
2024-06-22 19:07:20,891 DEBUG   SenderThread:41488 [sender.py:send():379] send: files
2024-06-22 19:07:20,891 INFO    SenderThread:41488 [sender.py:_save_file():1454] saving file wandb-metadata.json with policy now
2024-06-22 19:07:20,970 DEBUG   HandlerThread:41488 [handler.py:handle_request():158] handle_request: python_packages
2024-06-22 19:07:20,970 DEBUG   SenderThread:41488 [sender.py:send_request():406] send_request: python_packages
2024-06-22 19:07:20,971 DEBUG   HandlerThread:41488 [handler.py:handle_request():158] handle_request: stop_status
2024-06-22 19:07:20,972 DEBUG   HandlerThread:41488 [handler.py:handle_request():158] handle_request: internal_messages
2024-06-22 19:07:20,973 DEBUG   SenderThread:41488 [sender.py:send_request():406] send_request: stop_status
2024-06-22 19:07:21,410 INFO    Thread-16 :41488 [dir_watcher.py:_on_file_created():271] file/dir created: F:\mycode\pykan\wandb\run-20240622_190719-t7aj2dvm\files\requirements.txt
2024-06-22 19:07:21,410 INFO    Thread-16 :41488 [dir_watcher.py:_on_file_created():271] file/dir created: F:\mycode\pykan\wandb\run-20240622_190719-t7aj2dvm\files\conda-environment.yaml
2024-06-22 19:07:21,411 INFO    Thread-16 :41488 [dir_watcher.py:_on_file_created():271] file/dir created: F:\mycode\pykan\wandb\run-20240622_190719-t7aj2dvm\files\wandb-metadata.json
2024-06-22 19:07:21,442 DEBUG   SenderThread:41488 [sender.py:send():379] send: telemetry
2024-06-22 19:07:21,847 INFO    wandb-upload_0:41488 [upload_job.py:push():130] Uploaded file C:\Users\liquanbo\AppData\Local\Temp\tmp2erb81zmwandb\kvy6vues-wandb-metadata.json
2024-06-22 19:07:22,000 DEBUG   HandlerThread:41488 [handler.py:handle_request():158] handle_request: internal_messages
2024-06-22 19:07:23,008 DEBUG   HandlerThread:41488 [handler.py:handle_request():158] handle_request: internal_messages
2024-06-22 19:07:23,427 INFO    Thread-16 :41488 [dir_watcher.py:_on_file_created():271] file/dir created: F:\mycode\pykan\wandb\run-20240622_190719-t7aj2dvm\files\output.log
2024-06-22 19:07:24,015 DEBUG   HandlerThread:41488 [handler.py:handle_request():158] handle_request: internal_messages
2024-06-22 19:07:24,434 INFO    Thread-16 :41488 [dir_watcher.py:_on_file_modified():288] file/dir modified: F:\mycode\pykan\wandb\run-20240622_190719-t7aj2dvm\files\output.log
2024-06-22 19:07:24,731 DEBUG   HandlerThread:41488 [handler.py:handle_request():158] handle_request: status_report
2024-06-22 19:07:25,024 DEBUG   HandlerThread:41488 [handler.py:handle_request():158] handle_request: internal_messages
2024-06-22 19:07:25,434 INFO    Thread-16 :41488 [dir_watcher.py:_on_file_modified():288] file/dir modified: F:\mycode\pykan\wandb\run-20240622_190719-t7aj2dvm\files\output.log
2024-06-22 19:07:26,039 DEBUG   HandlerThread:41488 [handler.py:handle_request():158] handle_request: internal_messages
2024-06-22 19:07:27,048 DEBUG   HandlerThread:41488 [handler.py:handle_request():158] handle_request: internal_messages
2024-06-22 19:07:27,456 INFO    Thread-16 :41488 [dir_watcher.py:_on_file_modified():288] file/dir modified: F:\mycode\pykan\wandb\run-20240622_190719-t7aj2dvm\files\output.log
2024-06-22 19:07:28,064 DEBUG   HandlerThread:41488 [handler.py:handle_request():158] handle_request: internal_messages
2024-06-22 19:07:29,073 DEBUG   HandlerThread:41488 [handler.py:handle_request():158] handle_request: internal_messages
2024-06-22 19:07:29,482 INFO    Thread-16 :41488 [dir_watcher.py:_on_file_modified():288] file/dir modified: F:\mycode\pykan\wandb\run-20240622_190719-t7aj2dvm\files\output.log
2024-06-22 19:07:29,799 DEBUG   HandlerThread:41488 [handler.py:handle_request():158] handle_request: status_report
2024-06-22 19:07:30,088 DEBUG   HandlerThread:41488 [handler.py:handle_request():158] handle_request: internal_messages
2024-06-22 19:07:31,103 DEBUG   HandlerThread:41488 [handler.py:handle_request():158] handle_request: internal_messages
2024-06-22 19:07:31,509 INFO    Thread-16 :41488 [dir_watcher.py:_on_file_modified():288] file/dir modified: F:\mycode\pykan\wandb\run-20240622_190719-t7aj2dvm\files\output.log
2024-06-22 19:07:32,119 DEBUG   HandlerThread:41488 [handler.py:handle_request():158] handle_request: internal_messages
2024-06-22 19:07:33,120 DEBUG   HandlerThread:41488 [handler.py:handle_request():158] handle_request: internal_messages
2024-06-22 19:07:33,534 INFO    Thread-16 :41488 [dir_watcher.py:_on_file_modified():288] file/dir modified: F:\mycode\pykan\wandb\run-20240622_190719-t7aj2dvm\files\output.log
2024-06-22 19:07:34,128 DEBUG   HandlerThread:41488 [handler.py:handle_request():158] handle_request: internal_messages
2024-06-22 19:07:34,811 DEBUG   HandlerThread:41488 [handler.py:handle_request():158] handle_request: status_report
2024-06-22 19:07:35,138 DEBUG   HandlerThread:41488 [handler.py:handle_request():158] handle_request: internal_messages
2024-06-22 19:07:35,559 INFO    Thread-16 :41488 [dir_watcher.py:_on_file_modified():288] file/dir modified: F:\mycode\pykan\wandb\run-20240622_190719-t7aj2dvm\files\output.log
2024-06-22 19:07:35,763 DEBUG   HandlerThread:41488 [handler.py:handle_request():158] handle_request: log_artifact
2024-06-22 19:07:35,763 DEBUG   SenderThread:41488 [sender.py:send_request():406] send_request: log_artifact
2024-06-22 19:07:35,977 DEBUG   HandlerThread:41488 [handler.py:handle_request():158] handle_request: stop_status
2024-06-22 19:07:36,150 DEBUG   HandlerThread:41488 [handler.py:handle_request():158] handle_request: internal_messages
2024-06-22 19:07:36,570 INFO    Thread-16 :41488 [dir_watcher.py:_on_file_created():271] file/dir created: F:\mycode\pykan\wandb\run-20240622_190719-t7aj2dvm\files\media\table\KAN Predictions vs Actuals_0_c9ce3896b0b2c8082e6d.table.json
2024-06-22 19:07:36,570 INFO    Thread-16 :41488 [dir_watcher.py:_on_file_created():271] file/dir created: F:\mycode\pykan\wandb\run-20240622_190719-t7aj2dvm\files\media\table
2024-06-22 19:07:36,571 INFO    Thread-16 :41488 [dir_watcher.py:_on_file_created():271] file/dir created: F:\mycode\pykan\wandb\run-20240622_190719-t7aj2dvm\files\media
2024-06-22 19:07:36,821 DEBUG   HandlerThread:41488 [handler.py:handle_request():158] handle_request: log_artifact
2024-06-22 19:07:36,840 DEBUG   HandlerThread:41488 [handler.py:handle_request():158] handle_request: partial_history
2024-06-22 19:07:37,186 INFO    wandb-upload_0:41488 [upload_job.py:push():130] Uploaded file C:\Users\liquanbo\AppData\Local\Temp\tmp2erb81zmwandb\jcepxpwb-media/table/KAN Predictions vs Actuals_0_c9ce3896b0b2c8082e6d.table.json
2024-06-22 19:07:37,583 INFO    Thread-16 :41488 [dir_watcher.py:_on_file_modified():288] file/dir modified: F:\mycode\pykan\wandb\run-20240622_190719-t7aj2dvm\files\output.log
2024-06-22 19:07:37,583 INFO    Thread-16 :41488 [dir_watcher.py:_on_file_created():271] file/dir created: F:\mycode\pykan\wandb\run-20240622_190719-t7aj2dvm\files\media\table\MLP Predictions vs Actuals_0_b2731fd2146359634fb2.table.json
2024-06-22 19:07:37,583 INFO    Thread-16 :41488 [dir_watcher.py:_on_file_modified():288] file/dir modified: F:\mycode\pykan\wandb\run-20240622_190719-t7aj2dvm\files\media\table
2024-06-22 19:07:37,892 DEBUG   HandlerThread:41488 [handler.py:handle_request():158] handle_request: poll_exit
2024-06-22 19:07:42,945 DEBUG   HandlerThread:41488 [handler.py:handle_request():158] handle_request: keepalive
2024-06-22 19:07:47,998 DEBUG   HandlerThread:41488 [handler.py:handle_request():158] handle_request: keepalive
2024-06-22 19:07:53,060 DEBUG   HandlerThread:41488 [handler.py:handle_request():158] handle_request: keepalive
2024-06-22 19:07:57,036 ERROR   wandb-upload_1:41488 [internal_api.py:upload_file():2847] upload_file exception https://storage.googleapis.com/wandb-artifacts-prod/wandb_artifacts/219379888/910314744/d81fa7450232932822d7bd46716f61f0?Expires=1719140857&GoogleAccessId=gorilla-files-url-signer-man%40wandb-production.iam.gserviceaccount.com&Signature=tRQrZ5iKMPTAnsZHfHpH9icHWXSYpQDJnJdrr9uxGDKKvV3EdlPzzAzoakE2MH49Pi%2BKfh1CHuoYwRUPy6kI%2BlnyP6SxpEUv4JnoLBmM2XB4QKVB%2F1PQC0Bl1KVvGZzgiEDjAlm%2BKGUoFL%2BviGBjPqwfIjF%2FDl0rzS1jyhzmrGGcbj4aK4JwJMecZIBh9skn0t%2FwY%2BU0Rl1MRysoCOW3V3OBhWGPJ13nXEyZvJeSeK5g8gWd5SaiDbZiZzAFsYoAoYu6HU55hj6w1PHcvpsDRMpi%2BVmRrvWI6RpH%2BJMcrWpng57dMS8hmslkLZ0wLfD3PR4WGutiVCmorCyOjXJjHA%3D%3D: ('Connection aborted.', RemoteDisconnected('Remote end closed connection without response'))
2024-06-22 19:07:57,036 ERROR   wandb-upload_1:41488 [internal_api.py:upload_file():2849] upload_file request headers: {'User-Agent': 'python-requests/2.32.3', 'Accept-Encoding': 'gzip, deflate', 'Accept': '*/*', 'Connection': 'keep-alive', 'Content-MD5': '2B+nRQIykygi171GcW9h8A==', 'Content-Type': 'application/json', 'Content-Length': '10602'}
2024-06-22 19:07:57,036 ERROR   wandb-upload_1:41488 [internal_api.py:upload_file():2851] upload_file response body: 
2024-06-22 19:07:58,108 DEBUG   HandlerThread:41488 [handler.py:handle_request():158] handle_request: keepalive
2024-06-22 19:07:59,000 ERROR   wandb-upload_0:41488 [internal_api.py:upload_file():2847] upload_file exception https://storage.googleapis.com/wandb-production.appspot.com/two-phase/kan/t7aj2dvm/media/table/MLP%20Predictions%20vs%20Actuals_0_b2731fd2146359634fb2.table.json?Expires=1719140858&GoogleAccessId=gorilla-files-url-signer-man%40wandb-production.iam.gserviceaccount.com&Signature=bY6PBkbs%2FBLgJdwwU6h53vj6araLPbHaBy%2FVCCzqXOvUFVYuR%2FnWARncQ2EWm6Zr7Bg8uWVq8DakdX5s45m%2Fl6OWQduGEbpExH7uP%2FtObhAfig2ZIPrJ41DLOk03356VgqUzT%2FmCGbyEXIQyZLWqM7wMLw7%2FR8dFRV6LSaJP59Bi4ENSDI4VslwxPpsSxybUcnZUeq9L5%2F4JyqxTuOKyEbDPWLhH8xGyd4kc5Ms2wIptziYooGgEMtAm9AmITaQEPEjICwx2QDO1bpJbNcRNRGejSKvTlhFMJs5pNbV5NUkpAkOfJQN3WXOd%2BvID9ZQ9jCv5VqzobIAtz%2BJprM%2BFEw%3D%3D: ('Connection aborted.', RemoteDisconnected('Remote end closed connection without response'))
2024-06-22 19:07:59,001 ERROR   wandb-upload_0:41488 [internal_api.py:upload_file():2849] upload_file request headers: {'User-Agent': 'python-requests/2.32.3', 'Accept-Encoding': 'gzip, deflate', 'Accept': '*/*', 'Connection': 'keep-alive', 'Content-Length': '10181'}
2024-06-22 19:07:59,001 ERROR   wandb-upload_0:41488 [internal_api.py:upload_file():2851] upload_file response body: 
2024-06-22 19:08:03,163 DEBUG   HandlerThread:41488 [handler.py:handle_request():158] handle_request: keepalive
2024-06-22 19:08:08,218 DEBUG   HandlerThread:41488 [handler.py:handle_request():158] handle_request: keepalive
2024-06-22 19:08:13,275 DEBUG   HandlerThread:41488 [handler.py:handle_request():158] handle_request: keepalive
2024-06-22 19:08:18,178 ERROR   wandb-upload_1:41488 [internal_api.py:upload_file():2847] upload_file exception https://storage.googleapis.com/wandb-artifacts-prod/wandb_artifacts/219379888/910314744/d81fa7450232932822d7bd46716f61f0?Expires=1719140857&GoogleAccessId=gorilla-files-url-signer-man%40wandb-production.iam.gserviceaccount.com&Signature=tRQrZ5iKMPTAnsZHfHpH9icHWXSYpQDJnJdrr9uxGDKKvV3EdlPzzAzoakE2MH49Pi%2BKfh1CHuoYwRUPy6kI%2BlnyP6SxpEUv4JnoLBmM2XB4QKVB%2F1PQC0Bl1KVvGZzgiEDjAlm%2BKGUoFL%2BviGBjPqwfIjF%2FDl0rzS1jyhzmrGGcbj4aK4JwJMecZIBh9skn0t%2FwY%2BU0Rl1MRysoCOW3V3OBhWGPJ13nXEyZvJeSeK5g8gWd5SaiDbZiZzAFsYoAoYu6HU55hj6w1PHcvpsDRMpi%2BVmRrvWI6RpH%2BJMcrWpng57dMS8hmslkLZ0wLfD3PR4WGutiVCmorCyOjXJjHA%3D%3D: ('Connection aborted.', RemoteDisconnected('Remote end closed connection without response'))
2024-06-22 19:08:18,178 ERROR   wandb-upload_1:41488 [internal_api.py:upload_file():2849] upload_file request headers: {'User-Agent': 'python-requests/2.32.3', 'Accept-Encoding': 'gzip, deflate', 'Accept': '*/*', 'Connection': 'keep-alive', 'Content-MD5': '2B+nRQIykygi171GcW9h8A==', 'Content-Type': 'application/json', 'Content-Length': '10602'}
2024-06-22 19:08:18,178 ERROR   wandb-upload_1:41488 [internal_api.py:upload_file():2851] upload_file response body: 
2024-06-22 19:08:18,178 INFO    wandb-upload_1:41488 [retry.py:__call__():172] Retry attempt failed:
Traceback (most recent call last):
  File "F:\mycode\pykan\kannet\Lib\site-packages\urllib3\connectionpool.py", line 793, in urlopen
    response = self._make_request(
               ^^^^^^^^^^^^^^^^^^^
  File "F:\mycode\pykan\kannet\Lib\site-packages\urllib3\connectionpool.py", line 537, in _make_request
    response = conn.getresponse()
               ^^^^^^^^^^^^^^^^^^
  File "F:\mycode\pykan\kannet\Lib\site-packages\urllib3\connection.py", line 466, in getresponse
    httplib_response = super().getresponse()
                       ^^^^^^^^^^^^^^^^^^^^^
  File "F:\mycode\pykan\kannet\Lib\http\client.py", line 1395, in getresponse
    response.begin()
  File "F:\mycode\pykan\kannet\Lib\http\client.py", line 325, in begin
    version, status, reason = self._read_status()
                              ^^^^^^^^^^^^^^^^^^^
  File "F:\mycode\pykan\kannet\Lib\http\client.py", line 294, in _read_status
    raise RemoteDisconnected("Remote end closed connection without"
http.client.RemoteDisconnected: Remote end closed connection without response

During handling of the above exception, another exception occurred:

Traceback (most recent call last):
  File "F:\mycode\pykan\kannet\Lib\site-packages\requests\adapters.py", line 667, in send
    resp = conn.urlopen(
           ^^^^^^^^^^^^^
  File "F:\mycode\pykan\kannet\Lib\site-packages\urllib3\connectionpool.py", line 847, in urlopen
    retries = retries.increment(
              ^^^^^^^^^^^^^^^^^^
  File "F:\mycode\pykan\kannet\Lib\site-packages\urllib3\util\retry.py", line 470, in increment
    raise reraise(type(error), error, _stacktrace)
          ^^^^^^^^^^^^^^^^^^^^^^^^^^^^^^^^^^^^^^^^
  File "F:\mycode\pykan\kannet\Lib\site-packages\urllib3\util\util.py", line 38, in reraise
    raise value.with_traceback(tb)
  File "F:\mycode\pykan\kannet\Lib\site-packages\urllib3\connectionpool.py", line 793, in urlopen
    response = self._make_request(
               ^^^^^^^^^^^^^^^^^^^
  File "F:\mycode\pykan\kannet\Lib\site-packages\urllib3\connectionpool.py", line 537, in _make_request
    response = conn.getresponse()
               ^^^^^^^^^^^^^^^^^^
  File "F:\mycode\pykan\kannet\Lib\site-packages\urllib3\connection.py", line 466, in getresponse
    httplib_response = super().getresponse()
                       ^^^^^^^^^^^^^^^^^^^^^
  File "F:\mycode\pykan\kannet\Lib\http\client.py", line 1395, in getresponse
    response.begin()
  File "F:\mycode\pykan\kannet\Lib\http\client.py", line 325, in begin
    version, status, reason = self._read_status()
                              ^^^^^^^^^^^^^^^^^^^
  File "F:\mycode\pykan\kannet\Lib\http\client.py", line 294, in _read_status
    raise RemoteDisconnected("Remote end closed connection without"
urllib3.exceptions.ProtocolError: ('Connection aborted.', RemoteDisconnected('Remote end closed connection without response'))

During handling of the above exception, another exception occurred:

Traceback (most recent call last):
  File "F:\mycode\pykan\kannet\Lib\site-packages\wandb\sdk\internal\internal_api.py", line 2840, in upload_file
    response = self._upload_file_session.put(
               ^^^^^^^^^^^^^^^^^^^^^^^^^^^^^^
  File "F:\mycode\pykan\kannet\Lib\site-packages\requests\sessions.py", line 649, in put
    return self.request("PUT", url, data=data, **kwargs)
           ^^^^^^^^^^^^^^^^^^^^^^^^^^^^^^^^^^^^^^^^^^^^^
  File "F:\mycode\pykan\kannet\Lib\site-packages\requests\sessions.py", line 589, in request
    resp = self.send(prep, **send_kwargs)
           ^^^^^^^^^^^^^^^^^^^^^^^^^^^^^^
  File "F:\mycode\pykan\kannet\Lib\site-packages\requests\sessions.py", line 703, in send
    r = adapter.send(request, **kwargs)
        ^^^^^^^^^^^^^^^^^^^^^^^^^^^^^^^
  File "F:\mycode\pykan\kannet\Lib\site-packages\requests\adapters.py", line 682, in send
    raise ConnectionError(err, request=request)
requests.exceptions.ConnectionError: ('Connection aborted.', RemoteDisconnected('Remote end closed connection without response'))

During handling of the above exception, another exception occurred:

Traceback (most recent call last):
  File "F:\mycode\pykan\kannet\Lib\site-packages\wandb\sdk\lib\retry.py", line 131, in __call__
    result = self._call_fn(*args, **kwargs)
             ^^^^^^^^^^^^^^^^^^^^^^^^^^^^^^
  File "F:\mycode\pykan\kannet\Lib\site-packages\wandb\sdk\internal\internal_api.py", line 2871, in upload_file
    raise _e.with_traceback(sys.exc_info()[2])
  File "F:\mycode\pykan\kannet\Lib\site-packages\wandb\sdk\internal\internal_api.py", line 2840, in upload_file
    response = self._upload_file_session.put(
               ^^^^^^^^^^^^^^^^^^^^^^^^^^^^^^
  File "F:\mycode\pykan\kannet\Lib\site-packages\requests\sessions.py", line 649, in put
    return self.request("PUT", url, data=data, **kwargs)
           ^^^^^^^^^^^^^^^^^^^^^^^^^^^^^^^^^^^^^^^^^^^^^
  File "F:\mycode\pykan\kannet\Lib\site-packages\requests\sessions.py", line 589, in request
    resp = self.send(prep, **send_kwargs)
           ^^^^^^^^^^^^^^^^^^^^^^^^^^^^^^
  File "F:\mycode\pykan\kannet\Lib\site-packages\requests\sessions.py", line 703, in send
    r = adapter.send(request, **kwargs)
        ^^^^^^^^^^^^^^^^^^^^^^^^^^^^^^^
  File "F:\mycode\pykan\kannet\Lib\site-packages\requests\adapters.py", line 682, in send
    raise ConnectionError(err, request=request)
wandb.sdk.lib.retry.TransientError: None
2024-06-22 19:08:18,333 DEBUG   HandlerThread:41488 [handler.py:handle_request():158] handle_request: keepalive
2024-06-22 19:08:20,766 DEBUG   SystemMonitor:41488 [system_monitor.py:_start():172] Starting system metrics aggregation loop
2024-06-22 19:08:21,260 ERROR   wandb-upload_0:41488 [internal_api.py:upload_file():2847] upload_file exception https://storage.googleapis.com/wandb-production.appspot.com/two-phase/kan/t7aj2dvm/media/table/MLP%20Predictions%20vs%20Actuals_0_b2731fd2146359634fb2.table.json?Expires=1719140858&GoogleAccessId=gorilla-files-url-signer-man%40wandb-production.iam.gserviceaccount.com&Signature=bY6PBkbs%2FBLgJdwwU6h53vj6araLPbHaBy%2FVCCzqXOvUFVYuR%2FnWARncQ2EWm6Zr7Bg8uWVq8DakdX5s45m%2Fl6OWQduGEbpExH7uP%2FtObhAfig2ZIPrJ41DLOk03356VgqUzT%2FmCGbyEXIQyZLWqM7wMLw7%2FR8dFRV6LSaJP59Bi4ENSDI4VslwxPpsSxybUcnZUeq9L5%2F4JyqxTuOKyEbDPWLhH8xGyd4kc5Ms2wIptziYooGgEMtAm9AmITaQEPEjICwx2QDO1bpJbNcRNRGejSKvTlhFMJs5pNbV5NUkpAkOfJQN3WXOd%2BvID9ZQ9jCv5VqzobIAtz%2BJprM%2BFEw%3D%3D: ('Connection aborted.', RemoteDisconnected('Remote end closed connection without response'))
2024-06-22 19:08:21,260 ERROR   wandb-upload_0:41488 [internal_api.py:upload_file():2849] upload_file request headers: {'User-Agent': 'python-requests/2.32.3', 'Accept-Encoding': 'gzip, deflate', 'Accept': '*/*', 'Connection': 'keep-alive', 'Content-Length': '10181'}
2024-06-22 19:08:21,260 ERROR   wandb-upload_0:41488 [internal_api.py:upload_file():2851] upload_file response body: 
2024-06-22 19:08:23,397 DEBUG   HandlerThread:41488 [handler.py:handle_request():158] handle_request: keepalive
2024-06-22 19:08:28,437 DEBUG   HandlerThread:41488 [handler.py:handle_request():158] handle_request: keepalive
2024-06-22 19:08:33,486 DEBUG   HandlerThread:41488 [handler.py:handle_request():158] handle_request: keepalive
2024-06-22 19:08:38,545 DEBUG   HandlerThread:41488 [handler.py:handle_request():158] handle_request: keepalive
2024-06-22 19:08:40,402 ERROR   wandb-upload_1:41488 [internal_api.py:upload_file():2847] upload_file exception https://storage.googleapis.com/wandb-artifacts-prod/wandb_artifacts/219379888/910314744/d81fa7450232932822d7bd46716f61f0?Expires=1719140857&GoogleAccessId=gorilla-files-url-signer-man%40wandb-production.iam.gserviceaccount.com&Signature=tRQrZ5iKMPTAnsZHfHpH9icHWXSYpQDJnJdrr9uxGDKKvV3EdlPzzAzoakE2MH49Pi%2BKfh1CHuoYwRUPy6kI%2BlnyP6SxpEUv4JnoLBmM2XB4QKVB%2F1PQC0Bl1KVvGZzgiEDjAlm%2BKGUoFL%2BviGBjPqwfIjF%2FDl0rzS1jyhzmrGGcbj4aK4JwJMecZIBh9skn0t%2FwY%2BU0Rl1MRysoCOW3V3OBhWGPJ13nXEyZvJeSeK5g8gWd5SaiDbZiZzAFsYoAoYu6HU55hj6w1PHcvpsDRMpi%2BVmRrvWI6RpH%2BJMcrWpng57dMS8hmslkLZ0wLfD3PR4WGutiVCmorCyOjXJjHA%3D%3D: ('Connection aborted.', RemoteDisconnected('Remote end closed connection without response'))
2024-06-22 19:08:40,402 ERROR   wandb-upload_1:41488 [internal_api.py:upload_file():2849] upload_file request headers: {'User-Agent': 'python-requests/2.32.3', 'Accept-Encoding': 'gzip, deflate', 'Accept': '*/*', 'Connection': 'keep-alive', 'Content-MD5': '2B+nRQIykygi171GcW9h8A==', 'Content-Type': 'application/json', 'Content-Length': '10602'}
2024-06-22 19:08:40,402 ERROR   wandb-upload_1:41488 [internal_api.py:upload_file():2851] upload_file response body: 
2024-06-22 19:08:43,605 DEBUG   HandlerThread:41488 [handler.py:handle_request():158] handle_request: keepalive
2024-06-22 19:08:44,633 ERROR   wandb-upload_0:41488 [internal_api.py:upload_file():2847] upload_file exception https://storage.googleapis.com/wandb-production.appspot.com/two-phase/kan/t7aj2dvm/media/table/MLP%20Predictions%20vs%20Actuals_0_b2731fd2146359634fb2.table.json?Expires=1719140858&GoogleAccessId=gorilla-files-url-signer-man%40wandb-production.iam.gserviceaccount.com&Signature=bY6PBkbs%2FBLgJdwwU6h53vj6araLPbHaBy%2FVCCzqXOvUFVYuR%2FnWARncQ2EWm6Zr7Bg8uWVq8DakdX5s45m%2Fl6OWQduGEbpExH7uP%2FtObhAfig2ZIPrJ41DLOk03356VgqUzT%2FmCGbyEXIQyZLWqM7wMLw7%2FR8dFRV6LSaJP59Bi4ENSDI4VslwxPpsSxybUcnZUeq9L5%2F4JyqxTuOKyEbDPWLhH8xGyd4kc5Ms2wIptziYooGgEMtAm9AmITaQEPEjICwx2QDO1bpJbNcRNRGejSKvTlhFMJs5pNbV5NUkpAkOfJQN3WXOd%2BvID9ZQ9jCv5VqzobIAtz%2BJprM%2BFEw%3D%3D: ('Connection aborted.', RemoteDisconnected('Remote end closed connection without response'))
2024-06-22 19:08:44,633 ERROR   wandb-upload_0:41488 [internal_api.py:upload_file():2849] upload_file request headers: {'User-Agent': 'python-requests/2.32.3', 'Accept-Encoding': 'gzip, deflate', 'Accept': '*/*', 'Connection': 'keep-alive', 'Content-Length': '10181'}
2024-06-22 19:08:44,633 ERROR   wandb-upload_0:41488 [internal_api.py:upload_file():2851] upload_file response body: 
2024-06-22 19:08:48,656 DEBUG   HandlerThread:41488 [handler.py:handle_request():158] handle_request: keepalive
2024-06-22 19:08:53,714 DEBUG   HandlerThread:41488 [handler.py:handle_request():158] handle_request: keepalive
2024-06-22 19:08:58,768 DEBUG   HandlerThread:41488 [handler.py:handle_request():158] handle_request: keepalive
2024-06-22 19:09:03,808 DEBUG   HandlerThread:41488 [handler.py:handle_request():158] handle_request: keepalive
2024-06-22 19:09:05,239 ERROR   wandb-upload_1:41488 [internal_api.py:upload_file():2847] upload_file exception https://storage.googleapis.com/wandb-artifacts-prod/wandb_artifacts/219379888/910314744/d81fa7450232932822d7bd46716f61f0?Expires=1719140857&GoogleAccessId=gorilla-files-url-signer-man%40wandb-production.iam.gserviceaccount.com&Signature=tRQrZ5iKMPTAnsZHfHpH9icHWXSYpQDJnJdrr9uxGDKKvV3EdlPzzAzoakE2MH49Pi%2BKfh1CHuoYwRUPy6kI%2BlnyP6SxpEUv4JnoLBmM2XB4QKVB%2F1PQC0Bl1KVvGZzgiEDjAlm%2BKGUoFL%2BviGBjPqwfIjF%2FDl0rzS1jyhzmrGGcbj4aK4JwJMecZIBh9skn0t%2FwY%2BU0Rl1MRysoCOW3V3OBhWGPJ13nXEyZvJeSeK5g8gWd5SaiDbZiZzAFsYoAoYu6HU55hj6w1PHcvpsDRMpi%2BVmRrvWI6RpH%2BJMcrWpng57dMS8hmslkLZ0wLfD3PR4WGutiVCmorCyOjXJjHA%3D%3D: ('Connection aborted.', RemoteDisconnected('Remote end closed connection without response'))
2024-06-22 19:09:05,239 ERROR   wandb-upload_1:41488 [internal_api.py:upload_file():2849] upload_file request headers: {'User-Agent': 'python-requests/2.32.3', 'Accept-Encoding': 'gzip, deflate', 'Accept': '*/*', 'Connection': 'keep-alive', 'Content-MD5': '2B+nRQIykygi171GcW9h8A==', 'Content-Type': 'application/json', 'Content-Length': '10602'}
2024-06-22 19:09:05,239 ERROR   wandb-upload_1:41488 [internal_api.py:upload_file():2851] upload_file response body: 
2024-06-22 19:09:08,864 DEBUG   HandlerThread:41488 [handler.py:handle_request():158] handle_request: keepalive
2024-06-22 19:09:10,081 ERROR   wandb-upload_0:41488 [internal_api.py:upload_file():2847] upload_file exception https://storage.googleapis.com/wandb-production.appspot.com/two-phase/kan/t7aj2dvm/media/table/MLP%20Predictions%20vs%20Actuals_0_b2731fd2146359634fb2.table.json?Expires=1719140858&GoogleAccessId=gorilla-files-url-signer-man%40wandb-production.iam.gserviceaccount.com&Signature=bY6PBkbs%2FBLgJdwwU6h53vj6araLPbHaBy%2FVCCzqXOvUFVYuR%2FnWARncQ2EWm6Zr7Bg8uWVq8DakdX5s45m%2Fl6OWQduGEbpExH7uP%2FtObhAfig2ZIPrJ41DLOk03356VgqUzT%2FmCGbyEXIQyZLWqM7wMLw7%2FR8dFRV6LSaJP59Bi4ENSDI4VslwxPpsSxybUcnZUeq9L5%2F4JyqxTuOKyEbDPWLhH8xGyd4kc5Ms2wIptziYooGgEMtAm9AmITaQEPEjICwx2QDO1bpJbNcRNRGejSKvTlhFMJs5pNbV5NUkpAkOfJQN3WXOd%2BvID9ZQ9jCv5VqzobIAtz%2BJprM%2BFEw%3D%3D: ('Connection aborted.', RemoteDisconnected('Remote end closed connection without response'))
2024-06-22 19:09:10,081 ERROR   wandb-upload_0:41488 [internal_api.py:upload_file():2849] upload_file request headers: {'User-Agent': 'python-requests/2.32.3', 'Accept-Encoding': 'gzip, deflate', 'Accept': '*/*', 'Connection': 'keep-alive', 'Content-Length': '10181'}
2024-06-22 19:09:10,081 ERROR   wandb-upload_0:41488 [internal_api.py:upload_file():2851] upload_file response body: 
2024-06-22 19:09:13,926 DEBUG   HandlerThread:41488 [handler.py:handle_request():158] handle_request: keepalive
2024-06-22 19:09:18,978 DEBUG   HandlerThread:41488 [handler.py:handle_request():158] handle_request: keepalive
2024-06-22 19:09:24,043 DEBUG   HandlerThread:41488 [handler.py:handle_request():158] handle_request: keepalive
2024-06-22 19:09:29,092 DEBUG   HandlerThread:41488 [handler.py:handle_request():158] handle_request: keepalive
2024-06-22 19:09:33,819 ERROR   wandb-upload_1:41488 [internal_api.py:upload_file():2847] upload_file exception https://storage.googleapis.com/wandb-artifacts-prod/wandb_artifacts/219379888/910314744/d81fa7450232932822d7bd46716f61f0?Expires=1719140857&GoogleAccessId=gorilla-files-url-signer-man%40wandb-production.iam.gserviceaccount.com&Signature=tRQrZ5iKMPTAnsZHfHpH9icHWXSYpQDJnJdrr9uxGDKKvV3EdlPzzAzoakE2MH49Pi%2BKfh1CHuoYwRUPy6kI%2BlnyP6SxpEUv4JnoLBmM2XB4QKVB%2F1PQC0Bl1KVvGZzgiEDjAlm%2BKGUoFL%2BviGBjPqwfIjF%2FDl0rzS1jyhzmrGGcbj4aK4JwJMecZIBh9skn0t%2FwY%2BU0Rl1MRysoCOW3V3OBhWGPJ13nXEyZvJeSeK5g8gWd5SaiDbZiZzAFsYoAoYu6HU55hj6w1PHcvpsDRMpi%2BVmRrvWI6RpH%2BJMcrWpng57dMS8hmslkLZ0wLfD3PR4WGutiVCmorCyOjXJjHA%3D%3D: ('Connection aborted.', RemoteDisconnected('Remote end closed connection without response'))
2024-06-22 19:09:33,819 ERROR   wandb-upload_1:41488 [internal_api.py:upload_file():2849] upload_file request headers: {'User-Agent': 'python-requests/2.32.3', 'Accept-Encoding': 'gzip, deflate', 'Accept': '*/*', 'Connection': 'keep-alive', 'Content-MD5': '2B+nRQIykygi171GcW9h8A==', 'Content-Type': 'application/json', 'Content-Length': '10602'}
2024-06-22 19:09:33,819 ERROR   wandb-upload_1:41488 [internal_api.py:upload_file():2851] upload_file response body: 
2024-06-22 19:09:34,145 DEBUG   HandlerThread:41488 [handler.py:handle_request():158] handle_request: keepalive
2024-06-22 19:09:39,200 DEBUG   HandlerThread:41488 [handler.py:handle_request():158] handle_request: keepalive
2024-06-22 19:09:40,536 ERROR   wandb-upload_0:41488 [internal_api.py:upload_file():2847] upload_file exception https://storage.googleapis.com/wandb-production.appspot.com/two-phase/kan/t7aj2dvm/media/table/MLP%20Predictions%20vs%20Actuals_0_b2731fd2146359634fb2.table.json?Expires=1719140858&GoogleAccessId=gorilla-files-url-signer-man%40wandb-production.iam.gserviceaccount.com&Signature=bY6PBkbs%2FBLgJdwwU6h53vj6araLPbHaBy%2FVCCzqXOvUFVYuR%2FnWARncQ2EWm6Zr7Bg8uWVq8DakdX5s45m%2Fl6OWQduGEbpExH7uP%2FtObhAfig2ZIPrJ41DLOk03356VgqUzT%2FmCGbyEXIQyZLWqM7wMLw7%2FR8dFRV6LSaJP59Bi4ENSDI4VslwxPpsSxybUcnZUeq9L5%2F4JyqxTuOKyEbDPWLhH8xGyd4kc5Ms2wIptziYooGgEMtAm9AmITaQEPEjICwx2QDO1bpJbNcRNRGejSKvTlhFMJs5pNbV5NUkpAkOfJQN3WXOd%2BvID9ZQ9jCv5VqzobIAtz%2BJprM%2BFEw%3D%3D: ('Connection aborted.', RemoteDisconnected('Remote end closed connection without response'))
2024-06-22 19:09:40,536 ERROR   wandb-upload_0:41488 [internal_api.py:upload_file():2849] upload_file request headers: {'User-Agent': 'python-requests/2.32.3', 'Accept-Encoding': 'gzip, deflate', 'Accept': '*/*', 'Connection': 'keep-alive', 'Content-Length': '10181'}
2024-06-22 19:09:40,536 ERROR   wandb-upload_0:41488 [internal_api.py:upload_file():2851] upload_file response body: 
2024-06-22 19:09:44,255 DEBUG   HandlerThread:41488 [handler.py:handle_request():158] handle_request: keepalive
2024-06-22 19:09:49,312 DEBUG   HandlerThread:41488 [handler.py:handle_request():158] handle_request: keepalive
2024-06-22 19:09:54,347 DEBUG   HandlerThread:41488 [handler.py:handle_request():158] handle_request: keepalive
2024-06-22 19:09:59,390 DEBUG   HandlerThread:41488 [handler.py:handle_request():158] handle_request: keepalive
2024-06-22 19:10:04,443 DEBUG   HandlerThread:41488 [handler.py:handle_request():158] handle_request: keepalive
2024-06-22 19:10:09,488 DEBUG   HandlerThread:41488 [handler.py:handle_request():158] handle_request: keepalive
2024-06-22 19:10:12,898 ERROR   wandb-upload_1:41488 [internal_api.py:upload_file():2847] upload_file exception https://storage.googleapis.com/wandb-artifacts-prod/wandb_artifacts/219379888/910314744/d81fa7450232932822d7bd46716f61f0?Expires=1719140857&GoogleAccessId=gorilla-files-url-signer-man%40wandb-production.iam.gserviceaccount.com&Signature=tRQrZ5iKMPTAnsZHfHpH9icHWXSYpQDJnJdrr9uxGDKKvV3EdlPzzAzoakE2MH49Pi%2BKfh1CHuoYwRUPy6kI%2BlnyP6SxpEUv4JnoLBmM2XB4QKVB%2F1PQC0Bl1KVvGZzgiEDjAlm%2BKGUoFL%2BviGBjPqwfIjF%2FDl0rzS1jyhzmrGGcbj4aK4JwJMecZIBh9skn0t%2FwY%2BU0Rl1MRysoCOW3V3OBhWGPJ13nXEyZvJeSeK5g8gWd5SaiDbZiZzAFsYoAoYu6HU55hj6w1PHcvpsDRMpi%2BVmRrvWI6RpH%2BJMcrWpng57dMS8hmslkLZ0wLfD3PR4WGutiVCmorCyOjXJjHA%3D%3D: ('Connection aborted.', RemoteDisconnected('Remote end closed connection without response'))
2024-06-22 19:10:12,898 ERROR   wandb-upload_1:41488 [internal_api.py:upload_file():2849] upload_file request headers: {'User-Agent': 'python-requests/2.32.3', 'Accept-Encoding': 'gzip, deflate', 'Accept': '*/*', 'Connection': 'keep-alive', 'Content-MD5': '2B+nRQIykygi171GcW9h8A==', 'Content-Type': 'application/json', 'Content-Length': '10602'}
2024-06-22 19:10:12,898 ERROR   wandb-upload_1:41488 [internal_api.py:upload_file():2851] upload_file response body: 
2024-06-22 19:10:14,544 DEBUG   HandlerThread:41488 [handler.py:handle_request():158] handle_request: keepalive
2024-06-22 19:10:19,591 DEBUG   HandlerThread:41488 [handler.py:handle_request():158] handle_request: keepalive
2024-06-22 19:10:20,028 ERROR   wandb-upload_0:41488 [internal_api.py:upload_file():2847] upload_file exception https://storage.googleapis.com/wandb-production.appspot.com/two-phase/kan/t7aj2dvm/media/table/MLP%20Predictions%20vs%20Actuals_0_b2731fd2146359634fb2.table.json?Expires=1719140858&GoogleAccessId=gorilla-files-url-signer-man%40wandb-production.iam.gserviceaccount.com&Signature=bY6PBkbs%2FBLgJdwwU6h53vj6araLPbHaBy%2FVCCzqXOvUFVYuR%2FnWARncQ2EWm6Zr7Bg8uWVq8DakdX5s45m%2Fl6OWQduGEbpExH7uP%2FtObhAfig2ZIPrJ41DLOk03356VgqUzT%2FmCGbyEXIQyZLWqM7wMLw7%2FR8dFRV6LSaJP59Bi4ENSDI4VslwxPpsSxybUcnZUeq9L5%2F4JyqxTuOKyEbDPWLhH8xGyd4kc5Ms2wIptziYooGgEMtAm9AmITaQEPEjICwx2QDO1bpJbNcRNRGejSKvTlhFMJs5pNbV5NUkpAkOfJQN3WXOd%2BvID9ZQ9jCv5VqzobIAtz%2BJprM%2BFEw%3D%3D: ('Connection aborted.', RemoteDisconnected('Remote end closed connection without response'))
2024-06-22 19:10:20,028 ERROR   wandb-upload_0:41488 [internal_api.py:upload_file():2849] upload_file request headers: {'User-Agent': 'python-requests/2.32.3', 'Accept-Encoding': 'gzip, deflate', 'Accept': '*/*', 'Connection': 'keep-alive', 'Content-Length': '10181'}
2024-06-22 19:10:20,028 ERROR   wandb-upload_0:41488 [internal_api.py:upload_file():2851] upload_file response body: 
2024-06-22 19:10:24,644 DEBUG   HandlerThread:41488 [handler.py:handle_request():158] handle_request: keepalive
2024-06-22 19:10:29,668 DEBUG   HandlerThread:41488 [handler.py:handle_request():158] handle_request: keepalive
2024-06-22 19:10:34,724 DEBUG   HandlerThread:41488 [handler.py:handle_request():158] handle_request: keepalive
2024-06-22 19:10:39,782 DEBUG   HandlerThread:41488 [handler.py:handle_request():158] handle_request: keepalive
2024-06-22 19:10:44,846 DEBUG   HandlerThread:41488 [handler.py:handle_request():158] handle_request: keepalive
2024-06-22 19:10:49,902 DEBUG   HandlerThread:41488 [handler.py:handle_request():158] handle_request: keepalive
2024-06-22 19:10:50,039 INFO    wandb-upload_1:41488 [upload_job.py:push():88] Uploaded file C:\Users\liquanbo\AppData\Local\wandb\wandb\artifacts\staging\tmp375e4s29
2024-06-22 19:10:51,655 INFO    SenderThread:41488 [sender.py:send_request_log_artifact():1518] logged artifact run-t7aj2dvm-KANPredictionsvsActuals - {'id': 'QXJ0aWZhY3Q6OTEwMzE0NzQ0', 'state': 'PENDING', 'artifactSequence': {'id': 'QXJ0aWZhY3RDb2xsZWN0aW9uOjIxOTM3OTg4OA==', 'latestArtifact': None}}
2024-06-22 19:10:51,658 DEBUG   HandlerThread:41488 [handler.py:handle_request():158] handle_request: status_report
2024-06-22 19:10:51,968 DEBUG   SenderThread:41488 [sender.py:send():379] send: files
2024-06-22 19:10:51,968 INFO    SenderThread:41488 [sender.py:_save_file():1454] saving file media\table\KAN Predictions vs Actuals_0_c9ce3896b0b2c8082e6d.table.json with policy now
2024-06-22 19:10:51,969 DEBUG   SenderThread:41488 [sender.py:send_request():406] send_request: stop_status
2024-06-22 19:10:52,320 DEBUG   SenderThread:41488 [sender.py:send_request():406] send_request: log_artifact
2024-06-22 19:10:52,730 INFO    Thread-16 :41488 [dir_watcher.py:_on_file_modified():288] file/dir modified: F:\mycode\pykan\wandb\run-20240622_190719-t7aj2dvm\files\config.yaml
2024-06-22 19:10:52,748 INFO    wandb-upload_0:41488 [upload_job.py:push():130] Uploaded file C:\Users\liquanbo\AppData\Local\Temp\tmp2erb81zmwandb\1n3h7lxy-media/table/MLP Predictions vs Actuals_0_b2731fd2146359634fb2.table.json
2024-06-22 19:10:53,707 INFO    wandb-upload_1:41488 [upload_job.py:push():130] Uploaded file C:\Users\liquanbo\AppData\Local\Temp\tmp2erb81zmwandb\88b67fz4-media/table/KAN Predictions vs Actuals_0_c9ce3896b0b2c8082e6d.table.json
2024-06-22 19:10:53,938 INFO    wandb-upload_0:41488 [upload_job.py:push():88] Uploaded file C:\Users\liquanbo\AppData\Local\wandb\wandb\artifacts\staging\tmp3resxl3_
2024-06-22 19:10:54,957 DEBUG   HandlerThread:41488 [handler.py:handle_request():158] handle_request: keepalive
2024-06-22 19:10:56,099 INFO    SenderThread:41488 [sender.py:send_request_log_artifact():1518] logged artifact run-t7aj2dvm-MLPPredictionsvsActuals - {'id': 'QXJ0aWZhY3Q6OTEwMzI5MTA0', 'state': 'PENDING', 'artifactSequence': {'id': 'QXJ0aWZhY3RDb2xsZWN0aW9uOjIxOTM5MjY2Mg==', 'latestArtifact': None}}
2024-06-22 19:10:56,099 DEBUG   SenderThread:41488 [sender.py:send():379] send: files
2024-06-22 19:10:56,099 INFO    SenderThread:41488 [sender.py:_save_file():1454] saving file media\table\MLP Predictions vs Actuals_0_b2731fd2146359634fb2.table.json with policy now
2024-06-22 19:10:56,099 DEBUG   SenderThread:41488 [sender.py:send():379] send: history
2024-06-22 19:10:56,099 DEBUG   SenderThread:41488 [sender.py:send_request():406] send_request: summary_record
2024-06-22 19:10:56,102 INFO    SenderThread:41488 [sender.py:_save_file():1454] saving file wandb-summary.json with policy end
2024-06-22 19:10:56,102 DEBUG   SenderThread:41488 [sender.py:send():379] send: telemetry
2024-06-22 19:10:56,103 DEBUG   SenderThread:41488 [sender.py:send():379] send: exit
2024-06-22 19:10:56,103 INFO    SenderThread:41488 [sender.py:send_exit():586] handling exit code: 1
2024-06-22 19:10:56,103 INFO    SenderThread:41488 [sender.py:send_exit():588] handling runtime: 16
2024-06-22 19:10:56,104 INFO    SenderThread:41488 [sender.py:_save_file():1454] saving file wandb-summary.json with policy end
2024-06-22 19:10:56,105 INFO    SenderThread:41488 [sender.py:send_exit():594] send defer
2024-06-22 19:10:56,105 DEBUG   SenderThread:41488 [sender.py:send_request():406] send_request: poll_exit
2024-06-22 19:10:56,105 DEBUG   HandlerThread:41488 [handler.py:handle_request():158] handle_request: defer
2024-06-22 19:10:56,105 DEBUG   SenderThread:41488 [sender.py:send():379] send: stats
2024-06-22 19:10:56,106 INFO    HandlerThread:41488 [handler.py:handle_request_defer():184] handle defer: 0
2024-06-22 19:10:56,106 DEBUG   SenderThread:41488 [sender.py:send():379] send: stats
2024-06-22 19:10:56,106 DEBUG   SenderThread:41488 [sender.py:send():379] send: stats
2024-06-22 19:10:56,106 DEBUG   SenderThread:41488 [sender.py:send():379] send: stats
2024-06-22 19:10:56,106 DEBUG   SenderThread:41488 [sender.py:send():379] send: stats
2024-06-22 19:10:56,107 DEBUG   SenderThread:41488 [sender.py:send():379] send: stats
2024-06-22 19:10:56,107 DEBUG   SenderThread:41488 [sender.py:send_request():406] send_request: defer
2024-06-22 19:10:56,107 INFO    SenderThread:41488 [sender.py:send_request_defer():610] handle sender defer: 0
2024-06-22 19:10:56,107 INFO    SenderThread:41488 [sender.py:transition_state():614] send defer: 1
2024-06-22 19:10:56,107 DEBUG   HandlerThread:41488 [handler.py:handle_request():158] handle_request: defer
2024-06-22 19:10:56,108 INFO    HandlerThread:41488 [handler.py:handle_request_defer():184] handle defer: 1
2024-06-22 19:10:56,108 DEBUG   SenderThread:41488 [sender.py:send_request():406] send_request: defer
2024-06-22 19:10:56,108 INFO    SenderThread:41488 [sender.py:send_request_defer():610] handle sender defer: 1
2024-06-22 19:10:56,108 INFO    SenderThread:41488 [sender.py:transition_state():614] send defer: 2
2024-06-22 19:10:56,108 DEBUG   HandlerThread:41488 [handler.py:handle_request():158] handle_request: defer
2024-06-22 19:10:56,108 INFO    HandlerThread:41488 [handler.py:handle_request_defer():184] handle defer: 2
2024-06-22 19:10:56,108 INFO    HandlerThread:41488 [system_monitor.py:finish():203] Stopping system monitor
2024-06-22 19:10:56,108 DEBUG   SystemMonitor:41488 [system_monitor.py:_start():179] Finished system metrics aggregation loop
2024-06-22 19:10:56,108 INFO    HandlerThread:41488 [interfaces.py:finish():200] Joined cpu monitor
2024-06-22 19:10:56,109 DEBUG   SystemMonitor:41488 [system_monitor.py:_start():183] Publishing last batch of metrics
2024-06-22 19:10:56,118 INFO    HandlerThread:41488 [interfaces.py:finish():200] Joined disk monitor
2024-06-22 19:10:56,177 INFO    HandlerThread:41488 [interfaces.py:finish():200] Joined gpu monitor
2024-06-22 19:10:56,177 INFO    HandlerThread:41488 [interfaces.py:finish():200] Joined memory monitor
2024-06-22 19:10:56,178 INFO    HandlerThread:41488 [interfaces.py:finish():200] Joined network monitor
2024-06-22 19:10:56,178 DEBUG   SenderThread:41488 [sender.py:send_request():406] send_request: defer
2024-06-22 19:10:56,178 INFO    SenderThread:41488 [sender.py:send_request_defer():610] handle sender defer: 2
2024-06-22 19:10:56,178 INFO    SenderThread:41488 [sender.py:transition_state():614] send defer: 3
2024-06-22 19:10:56,178 DEBUG   SenderThread:41488 [sender.py:send():379] send: stats
2024-06-22 19:10:56,178 DEBUG   HandlerThread:41488 [handler.py:handle_request():158] handle_request: defer
2024-06-22 19:10:56,178 INFO    HandlerThread:41488 [handler.py:handle_request_defer():184] handle defer: 3
2024-06-22 19:10:56,178 DEBUG   SenderThread:41488 [sender.py:send_request():406] send_request: defer
2024-06-22 19:10:56,178 INFO    SenderThread:41488 [sender.py:send_request_defer():610] handle sender defer: 3
2024-06-22 19:10:56,179 INFO    SenderThread:41488 [sender.py:transition_state():614] send defer: 4
2024-06-22 19:10:56,179 DEBUG   HandlerThread:41488 [handler.py:handle_request():158] handle_request: defer
2024-06-22 19:10:56,179 INFO    HandlerThread:41488 [handler.py:handle_request_defer():184] handle defer: 4
2024-06-22 19:10:56,179 DEBUG   SenderThread:41488 [sender.py:send_request():406] send_request: defer
2024-06-22 19:10:56,179 INFO    SenderThread:41488 [sender.py:send_request_defer():610] handle sender defer: 4
2024-06-22 19:10:56,179 INFO    SenderThread:41488 [sender.py:transition_state():614] send defer: 5
2024-06-22 19:10:56,179 DEBUG   HandlerThread:41488 [handler.py:handle_request():158] handle_request: defer
2024-06-22 19:10:56,179 INFO    HandlerThread:41488 [handler.py:handle_request_defer():184] handle defer: 5
2024-06-22 19:10:56,179 DEBUG   SenderThread:41488 [sender.py:send():379] send: summary
2024-06-22 19:10:56,181 INFO    SenderThread:41488 [sender.py:_save_file():1454] saving file wandb-summary.json with policy end
2024-06-22 19:10:56,181 DEBUG   SenderThread:41488 [sender.py:send_request():406] send_request: defer
2024-06-22 19:10:56,181 INFO    SenderThread:41488 [sender.py:send_request_defer():610] handle sender defer: 5
2024-06-22 19:10:56,181 INFO    SenderThread:41488 [sender.py:transition_state():614] send defer: 6
2024-06-22 19:10:56,181 DEBUG   HandlerThread:41488 [handler.py:handle_request():158] handle_request: defer
2024-06-22 19:10:56,181 INFO    HandlerThread:41488 [handler.py:handle_request_defer():184] handle defer: 6
2024-06-22 19:10:56,181 DEBUG   SenderThread:41488 [sender.py:send_request():406] send_request: defer
2024-06-22 19:10:56,181 INFO    SenderThread:41488 [sender.py:send_request_defer():610] handle sender defer: 6
2024-06-22 19:10:56,183 DEBUG   HandlerThread:41488 [handler.py:handle_request():158] handle_request: status_report
2024-06-22 19:10:56,474 INFO    SenderThread:41488 [sender.py:transition_state():614] send defer: 7
2024-06-22 19:10:56,475 DEBUG   HandlerThread:41488 [handler.py:handle_request():158] handle_request: defer
2024-06-22 19:10:56,475 INFO    HandlerThread:41488 [handler.py:handle_request_defer():184] handle defer: 7
2024-06-22 19:10:56,475 DEBUG   SenderThread:41488 [sender.py:send_request():406] send_request: defer
2024-06-22 19:10:56,475 INFO    SenderThread:41488 [sender.py:send_request_defer():610] handle sender defer: 7
2024-06-22 19:10:56,784 INFO    Thread-16 :41488 [dir_watcher.py:_on_file_modified():288] file/dir modified: F:\mycode\pykan\wandb\run-20240622_190719-t7aj2dvm\files\config.yaml
2024-06-22 19:10:56,784 INFO    Thread-16 :41488 [dir_watcher.py:_on_file_modified():288] file/dir modified: F:\mycode\pykan\wandb\run-20240622_190719-t7aj2dvm\files\output.log
2024-06-22 19:10:56,784 INFO    Thread-16 :41488 [dir_watcher.py:_on_file_created():271] file/dir created: F:\mycode\pykan\wandb\run-20240622_190719-t7aj2dvm\files\wandb-summary.json
2024-06-22 19:10:56,933 INFO    wandb-upload_1:41488 [upload_job.py:push():130] Uploaded file C:\Users\liquanbo\AppData\Local\Temp\tmp2erb81zmwandb\qr4k4ykd-media/table/MLP Predictions vs Actuals_0_b2731fd2146359634fb2.table.json
2024-06-22 19:10:56,974 INFO    SenderThread:41488 [sender.py:transition_state():614] send defer: 8
2024-06-22 19:10:56,974 DEBUG   HandlerThread:41488 [handler.py:handle_request():158] handle_request: defer
2024-06-22 19:10:56,974 INFO    HandlerThread:41488 [handler.py:handle_request_defer():184] handle defer: 8
2024-06-22 19:10:56,974 DEBUG   SenderThread:41488 [sender.py:send_request():406] send_request: defer
2024-06-22 19:10:56,974 INFO    SenderThread:41488 [sender.py:send_request_defer():610] handle sender defer: 8
2024-06-22 19:10:56,974 INFO    SenderThread:41488 [job_builder.py:build():440] Attempting to build job artifact
2024-06-22 19:10:56,976 INFO    SenderThread:41488 [job_builder.py:_get_source_type():580] no source found
2024-06-22 19:10:56,976 INFO    SenderThread:41488 [sender.py:transition_state():614] send defer: 9
2024-06-22 19:10:56,976 DEBUG   HandlerThread:41488 [handler.py:handle_request():158] handle_request: defer
2024-06-22 19:10:56,976 INFO    HandlerThread:41488 [handler.py:handle_request_defer():184] handle defer: 9
2024-06-22 19:10:56,976 DEBUG   SenderThread:41488 [sender.py:send_request():406] send_request: defer
2024-06-22 19:10:56,976 INFO    SenderThread:41488 [sender.py:send_request_defer():610] handle sender defer: 9
2024-06-22 19:10:56,976 INFO    SenderThread:41488 [dir_watcher.py:finish():358] shutting down directory watcher
2024-06-22 19:10:56,985 DEBUG   HandlerThread:41488 [handler.py:handle_request():158] handle_request: poll_exit
2024-06-22 19:10:57,795 INFO    SenderThread:41488 [dir_watcher.py:_on_file_modified():288] file/dir modified: F:\mycode\pykan\wandb\run-20240622_190719-t7aj2dvm\files\output.log
2024-06-22 19:10:57,795 INFO    SenderThread:41488 [dir_watcher.py:finish():388] scan: F:\mycode\pykan\wandb\run-20240622_190719-t7aj2dvm\files
2024-06-22 19:10:57,795 INFO    SenderThread:41488 [dir_watcher.py:finish():402] scan save: F:\mycode\pykan\wandb\run-20240622_190719-t7aj2dvm\files\conda-environment.yaml conda-environment.yaml
2024-06-22 19:10:57,797 INFO    SenderThread:41488 [dir_watcher.py:finish():402] scan save: F:\mycode\pykan\wandb\run-20240622_190719-t7aj2dvm\files\config.yaml config.yaml
2024-06-22 19:10:57,797 INFO    SenderThread:41488 [dir_watcher.py:finish():402] scan save: F:\mycode\pykan\wandb\run-20240622_190719-t7aj2dvm\files\output.log output.log
2024-06-22 19:10:57,798 INFO    SenderThread:41488 [dir_watcher.py:finish():402] scan save: F:\mycode\pykan\wandb\run-20240622_190719-t7aj2dvm\files\requirements.txt requirements.txt
2024-06-22 19:10:57,800 INFO    SenderThread:41488 [dir_watcher.py:finish():402] scan save: F:\mycode\pykan\wandb\run-20240622_190719-t7aj2dvm\files\wandb-metadata.json wandb-metadata.json
2024-06-22 19:10:57,800 INFO    SenderThread:41488 [dir_watcher.py:finish():402] scan save: F:\mycode\pykan\wandb\run-20240622_190719-t7aj2dvm\files\wandb-summary.json wandb-summary.json
2024-06-22 19:10:57,802 INFO    SenderThread:41488 [dir_watcher.py:finish():402] scan save: F:\mycode\pykan\wandb\run-20240622_190719-t7aj2dvm\files\media\table\KAN Predictions vs Actuals_0_c9ce3896b0b2c8082e6d.table.json media/table/KAN Predictions vs Actuals_0_c9ce3896b0b2c8082e6d.table.json
2024-06-22 19:10:57,802 INFO    SenderThread:41488 [dir_watcher.py:finish():402] scan save: F:\mycode\pykan\wandb\run-20240622_190719-t7aj2dvm\files\media\table\MLP Predictions vs Actuals_0_b2731fd2146359634fb2.table.json media/table/MLP Predictions vs Actuals_0_b2731fd2146359634fb2.table.json
2024-06-22 19:10:57,802 INFO    SenderThread:41488 [sender.py:transition_state():614] send defer: 10
2024-06-22 19:10:57,803 DEBUG   SenderThread:41488 [sender.py:send_request():406] send_request: poll_exit
2024-06-22 19:10:57,804 DEBUG   HandlerThread:41488 [handler.py:handle_request():158] handle_request: defer
2024-06-22 19:10:57,804 INFO    HandlerThread:41488 [handler.py:handle_request_defer():184] handle defer: 10
2024-06-22 19:10:57,804 DEBUG   SenderThread:41488 [sender.py:send_request():406] send_request: defer
2024-06-22 19:10:57,804 INFO    SenderThread:41488 [sender.py:send_request_defer():610] handle sender defer: 10
2024-06-22 19:10:57,805 INFO    SenderThread:41488 [file_pusher.py:finish():169] shutting down file pusher
2024-06-22 19:10:57,996 DEBUG   HandlerThread:41488 [handler.py:handle_request():158] handle_request: poll_exit
2024-06-22 19:10:57,996 DEBUG   SenderThread:41488 [sender.py:send_request():406] send_request: poll_exit
2024-06-22 19:10:58,492 INFO    wandb-upload_1:41488 [upload_job.py:push():130] Uploaded file F:\mycode\pykan\wandb\run-20240622_190719-t7aj2dvm\files\output.log
2024-06-22 19:10:58,553 INFO    wandb-upload_0:41488 [upload_job.py:push():130] Uploaded file F:\mycode\pykan\wandb\run-20240622_190719-t7aj2dvm\files\config.yaml
2024-06-22 19:10:58,972 INFO    wandb-upload_3:41488 [upload_job.py:push():130] Uploaded file F:\mycode\pykan\wandb\run-20240622_190719-t7aj2dvm\files\wandb-summary.json
2024-06-22 19:10:58,973 INFO    wandb-upload_2:41488 [upload_job.py:push():130] Uploaded file F:\mycode\pykan\wandb\run-20240622_190719-t7aj2dvm\files\requirements.txt
2024-06-22 19:10:59,008 DEBUG   HandlerThread:41488 [handler.py:handle_request():158] handle_request: poll_exit
2024-06-22 19:10:59,008 DEBUG   SenderThread:41488 [sender.py:send_request():406] send_request: poll_exit
2024-06-22 19:10:59,179 INFO    Thread-15 (_thread_body):41488 [sender.py:transition_state():614] send defer: 11
2024-06-22 19:10:59,179 DEBUG   HandlerThread:41488 [handler.py:handle_request():158] handle_request: defer
2024-06-22 19:10:59,179 INFO    HandlerThread:41488 [handler.py:handle_request_defer():184] handle defer: 11
2024-06-22 19:10:59,179 DEBUG   SenderThread:41488 [sender.py:send_request():406] send_request: defer
2024-06-22 19:10:59,179 INFO    SenderThread:41488 [sender.py:send_request_defer():610] handle sender defer: 11
2024-06-22 19:10:59,179 INFO    SenderThread:41488 [file_pusher.py:join():175] waiting for file pusher
2024-06-22 19:10:59,180 INFO    SenderThread:41488 [sender.py:transition_state():614] send defer: 12
2024-06-22 19:10:59,180 DEBUG   HandlerThread:41488 [handler.py:handle_request():158] handle_request: defer
2024-06-22 19:10:59,180 INFO    HandlerThread:41488 [handler.py:handle_request_defer():184] handle defer: 12
2024-06-22 19:10:59,180 DEBUG   SenderThread:41488 [sender.py:send_request():406] send_request: defer
2024-06-22 19:10:59,180 INFO    SenderThread:41488 [sender.py:send_request_defer():610] handle sender defer: 12
2024-06-22 19:10:59,180 INFO    SenderThread:41488 [file_stream.py:finish():601] file stream finish called
2024-06-22 19:11:00,018 DEBUG   HandlerThread:41488 [handler.py:handle_request():158] handle_request: poll_exit
2024-06-22 19:11:00,109 INFO    SenderThread:41488 [file_stream.py:finish():605] file stream finish is done
2024-06-22 19:11:00,109 INFO    SenderThread:41488 [sender.py:transition_state():614] send defer: 13
2024-06-22 19:11:00,109 DEBUG   SenderThread:41488 [sender.py:send_request():406] send_request: poll_exit
2024-06-22 19:11:00,109 DEBUG   HandlerThread:41488 [handler.py:handle_request():158] handle_request: defer
2024-06-22 19:11:00,109 INFO    HandlerThread:41488 [handler.py:handle_request_defer():184] handle defer: 13
2024-06-22 19:11:00,109 DEBUG   SenderThread:41488 [sender.py:send_request():406] send_request: defer
2024-06-22 19:11:00,109 INFO    SenderThread:41488 [sender.py:send_request_defer():610] handle sender defer: 13
2024-06-22 19:11:00,109 INFO    SenderThread:41488 [sender.py:transition_state():614] send defer: 14
2024-06-22 19:11:00,110 DEBUG   HandlerThread:41488 [handler.py:handle_request():158] handle_request: defer
2024-06-22 19:11:00,110 DEBUG   SenderThread:41488 [sender.py:send():379] send: final
2024-06-22 19:11:00,110 INFO    HandlerThread:41488 [handler.py:handle_request_defer():184] handle defer: 14
2024-06-22 19:11:00,110 DEBUG   SenderThread:41488 [sender.py:send():379] send: footer
2024-06-22 19:11:00,110 DEBUG   SenderThread:41488 [sender.py:send_request():406] send_request: defer
2024-06-22 19:11:00,110 INFO    SenderThread:41488 [sender.py:send_request_defer():610] handle sender defer: 14
2024-06-22 19:11:00,110 DEBUG   HandlerThread:41488 [handler.py:handle_request():158] handle_request: poll_exit
2024-06-22 19:11:00,110 DEBUG   HandlerThread:41488 [handler.py:handle_request():158] handle_request: server_info
2024-06-22 19:11:00,110 DEBUG   SenderThread:41488 [sender.py:send_request():406] send_request: poll_exit
2024-06-22 19:11:00,110 DEBUG   HandlerThread:41488 [handler.py:handle_request():158] handle_request: poll_exit
2024-06-22 19:11:00,111 DEBUG   SenderThread:41488 [sender.py:send_request():406] send_request: server_info
2024-06-22 19:11:00,111 DEBUG   HandlerThread:41488 [handler.py:handle_request():158] handle_request: get_summary
2024-06-22 19:11:00,112 DEBUG   HandlerThread:41488 [handler.py:handle_request():158] handle_request: sampled_history
2024-06-22 19:11:00,112 DEBUG   HandlerThread:41488 [handler.py:handle_request():158] handle_request: internal_messages
2024-06-22 19:11:00,401 DEBUG   SenderThread:41488 [sender.py:send_request():406] send_request: poll_exit
2024-06-22 19:11:00,401 INFO    MainThread:41488 [wandb_run.py:_footer_history_summary_info():3988] rendering history
2024-06-22 19:11:00,401 INFO    MainThread:41488 [wandb_run.py:_footer_history_summary_info():4020] rendering summary
2024-06-22 19:11:00,401 INFO    MainThread:41488 [wandb_run.py:_footer_sync_info():3947] logging synced files
2024-06-22 19:11:00,403 DEBUG   HandlerThread:41488 [handler.py:handle_request():158] handle_request: shutdown
2024-06-22 19:11:00,403 INFO    HandlerThread:41488 [handler.py:finish():882] shutting down handler
2024-06-22 19:11:01,121 INFO    WriterThread:41488 [datastore.py:close():296] close: F:\mycode\pykan\wandb\run-20240622_190719-t7aj2dvm\run-t7aj2dvm.wandb
2024-06-22 19:11:01,402 INFO    SenderThread:41488 [sender.py:finish():1608] shutting down sender
2024-06-22 19:11:01,402 INFO    SenderThread:41488 [file_pusher.py:finish():169] shutting down file pusher
2024-06-22 19:11:01,402 INFO    SenderThread:41488 [file_pusher.py:join():175] waiting for file pusher
